<?xml version="1.0" encoding="UTF-8"?>
<testsuite xmlns:xsi="http://www.w3.org/2001/XMLSchema-instance" xsi:noNamespaceSchemaLocation="https://maven.apache.org/surefire/maven-surefire-plugin/xsd/surefire-test-report-3.0.xsd" version="3.0" name="com.mycompany.bai1.Bai1Test" time="0.033" tests="6" errors="0" skipped="0" failures="0">
  <properties>
[...]
</properties>
  <testcase name="testRightTriangle" classname="com.mycompany.bai1.Bai1Test" time="0.004"/>
  <testcase name="testIsoscelesTriangle" classname="com.mycompany.bai1.Bai1Test" time="0"/>
  <testcase name="testNotATriangle" classname="com.mycompany.bai1.Bai1Test" time="0"/>
  <testcase name="testScaleneTriangle" classname="com.mycompany.bai1.Bai1Test" time="0"/>
  <testcase name="testInvalidTriangle" classname="com.mycompany.bai1.Bai1Test" time="0"/>
  <testcase name="testEquilateralTriangle" classname="com.mycompany.bai1.Bai1Test" time="0"/>
</testsuite>